\BOOKMARK [1][-]{section.1}{\376\377\004\036\004\061\004\111\004\070\004\065\000\040\004\077\004\076\004\073\004\076\004\066\004\065\004\075\004\070\004\117}{}% 1
\BOOKMARK [2][-]{subsection.1.1}{\376\377\004\046\004\065\004\073\004\114}{section.1}% 2
\BOOKMARK [2][-]{subsection.1.2}{\376\377\004\027\004\060\004\064\004\060\004\107\004\070}{section.1}% 3
\BOOKMARK [2][-]{subsection.1.3}{\376\377\004\041\004\103\004\102\004\114\000\040\004\101\004\076\004\100\004\065\004\062\004\075\004\076\004\062\004\060\004\075\004\070\004\071}{section.1}% 4
\BOOKMARK [2][-]{subsection.1.4}{\376\377\004\044\004\070\004\075\004\060\004\075\004\101\004\076\004\062\004\076\004\065\000\040\004\076\004\061\004\065\004\101\004\077\004\065\004\107\004\065\004\075\004\070\004\065}{section.1}% 5
\BOOKMARK [2][-]{subsection.1.5}{\376\377\004\040\004\060\004\101\004\077\004\070\004\101\004\060\004\075\004\070\004\065}{section.1}% 6
\BOOKMARK [1][-]{section.2}{\376\377\004\042\004\100\004\065\004\061\004\076\004\062\004\060\004\075\004\070\004\117\000\040\004\072\000\040\004\103\004\107\004\060\004\101\004\102\004\075\004\070\004\072\004\060\004\074}{}% 7
\BOOKMARK [1][-]{section.3}{\376\377\004\042\004\100\004\065\004\061\004\076\004\062\004\060\004\075\004\070\004\117\000\040\004\072\000\040\004\103\004\107\004\060\004\101\004\102\004\075\004\070\004\072\004\060\004\074}{}% 8
\BOOKMARK [1][-]{section.4}{\376\377\004\037\004\076\004\100\004\117\004\064\004\076\004\072\000\040\004\077\004\100\004\076\004\062\004\065\004\064\004\065\004\075\004\070\004\117}{}% 9
\BOOKMARK [2][-]{subsection.4.1}{\376\377\004\037\004\076\004\064\004\063\004\076\004\102\004\076\004\062\004\070\004\102\004\065\004\073\004\114\004\075\004\113\004\071\000\040\004\115\004\102\004\060\004\077}{section.4}% 10
\BOOKMARK [2][-]{subsection.4.2}{\376\377\004\040\004\065\004\063\004\070\004\101\004\102\004\100\004\060\004\106\004\070\004\117\000\040\004\070\000\040\004\076\004\102\004\061\004\076\004\100\000\040\004\075\004\060\000\040\004\076\004\107\004\075\004\113\004\071\000\040\004\115\004\102\004\060\004\077}{section.4}% 11
\BOOKMARK [2][-]{subsection.4.3}{\376\377\004\036\004\107\004\075\004\113\004\071\000\040\004\115\004\102\004\060\004\077}{section.4}% 12
\BOOKMARK [2][-]{subsection.4.4}{\376\377\004\037\004\076\004\064\004\063\004\076\004\102\004\076\004\062\004\072\004\060\000\040\004\100\004\076\004\061\004\076\004\102\004\060\000\040\004\062\000\040\004\105\004\076\004\064\004\065\000\040\004\076\004\107\004\075\004\076\004\063\004\076\000\040\004\115\004\102\004\060\004\077\004\060}{section.4}% 13
\BOOKMARK [1][-]{section.5}{\376\377\004\045\004\076\004\064\000\040\004\101\004\076\004\100\004\065\004\062\004\075\004\076\004\062\004\060\004\075\004\070\004\071}{}% 14
\BOOKMARK [2][-]{subsection.5.1}{\376\377\004\032\004\060\004\100\004\060\004\075\004\102\004\070\004\075}{section.5}% 15
\BOOKMARK [2][-]{subsection.5.2}{\376\377\004\026\004\065\004\100\004\065\004\061\004\114\004\065\004\062\004\072\004\060}{section.5}% 16
\BOOKMARK [2][-]{subsection.5.3}{\376\377\004\037\004\076\004\064\004\063\004\076\004\102\004\076\004\062\004\070\004\102\004\065\004\073\004\114\004\075\004\076\004\065\000\040\004\062\004\100\004\065\004\074\004\117}{section.5}% 17
\BOOKMARK [2][-]{subsection.5.4}{\376\377\004\045\004\076\004\064\000\040\004\077\004\076\004\077\004\113\004\102\004\072\004\070}{section.5}% 18
\BOOKMARK [2][-]{subsection.5.5}{\376\377\004\040\004\065\004\067\004\103\004\073\004\114\004\102\004\060\004\102\004\113\000\040\004\077\004\076\004\077\004\113\004\102\004\072\004\070}{section.5}% 19
\BOOKMARK [1][-]{section.6}{\376\377\004\040\004\065\004\067\004\103\004\073\004\114\004\102\004\060\004\102\004\113}{}% 20
\BOOKMARK [1][-]{section.7}{\376\377\004\041\004\103\004\064\004\065\004\071\004\101\004\102\004\062\004\076}{}% 21
\BOOKMARK [1][-]{section.8}{\376\377\004\037\004\076\004\100\004\117\004\064\004\076\004\072\000\040\004\076\004\077\004\100\004\065\004\064\004\065\004\073\004\065\004\075\004\070\004\117\000\040\004\077\004\076\004\061\004\065\004\064\004\070\004\102\004\065\004\073\004\117}{}% 22
\BOOKMARK [2][-]{subsection.8.1}{\376\377\004\035\004\065\004\101\004\072\004\076\004\073\004\114\004\072\004\076\000\040\004\075\004\065\004\067\004\060\004\062\004\070\004\101\004\070\004\074\004\113\004\105\000\040\004\077\004\076\004\073\004\070\004\063\004\076\004\075\004\076\004\062}{section.8}% 23
\BOOKMARK [1][-]{section.9}{\376\377\004\035\004\060\004\063\004\100\004\060\004\066\004\064\004\065\004\075\004\070\004\065}{}% 24
\BOOKMARK [1][-]{section.10}{\376\377\004\036\004\102\004\061\004\076\004\100\000\040\004\062\000\040\004\104\004\070\004\075\004\060\004\073}{}% 25
