This is pdfTeX, Version 3.141592653-2.6-1.40.25 (TeX Live 2023/Debian) (preloaded format=pdflatex 2025.11.15)  16 NOV 2025 01:05
entering extended mode
 restricted \write18 enabled.
 %&-line parsing enabled.
**oilgas.tex
(./oilgas.tex
LaTeX2e <2023-11-01> patch level 1
L3 programming layer <2024-01-22>
)
! Emergency stop.
<*> oilgas.tex
              
*** (job aborted, no legal \end found)

 
Here is how much of TeX's memory you used:
 16 strings out of 475656
 386 string characters out of 5787140
 1922975 words of memory out of 5000000
 22130 multiletter control sequences out of 15000+600000
 558069 words of font info for 36 fonts, out of 8000000 for 9000
 430 hyphenation exceptions out of 8191
 12i,0n,13p,42b,8s stack positions out of 10000i,1000n,20000p,200000b,200000s
!  ==> Fatal error occurred, no output PDF file produced!
